<?xml version="1.0" encoding="UTF-8"?>
<testng-results skipped="0" failed="0" ignored="0" total="2" passed="2">
  <reporter-output>
  </reporter-output>
  <suite name="FebTest" duration-ms="16081" started-at="2019-02-25T03:27:12Z" finished-at="2019-02-25T03:27:28Z">
    <groups>
    </groups>
    <test name="SampleTest" duration-ms="16081" started-at="2019-02-25T03:27:12Z" finished-at="2019-02-25T03:27:28Z">
      <class name="com.jenkins.test.AmTestOne">
        <test-method status="PASS" signature="testOne()[pri:0, instance:com.jenkins.test.AmTestOne@5b275dab]" name="testOne" duration-ms="16022" started-at="2019-02-25T03:27:12Z" finished-at="2019-02-25T03:27:28Z">
          <reporter-output>
          </reporter-output>
        </test-method> <!-- testOne -->
      </class> <!-- com.jenkins.test.AmTestOne -->
      <class name="com.jenkins.test.NewTemp">
        <test-method status="PASS" signature="temp()[pri:0, instance:com.jenkins.test.NewTemp@61832929]" name="temp" duration-ms="23" started-at="2019-02-25T03:27:12Z" finished-at="2019-02-25T03:27:12Z">
          <reporter-output>
          </reporter-output>
        </test-method> <!-- temp -->
      </class> <!-- com.jenkins.test.NewTemp -->
    </test> <!-- SampleTest -->
  </suite> <!-- FebTest -->
</testng-results>
